######## REAL BACKEND STARTED ########
__file__ = C:\Users\Rajesh\Desktop\app backend\Final_Year_Project-main\app.py
MAIL_USERNAME = powerpulseapp5@gmail.com
MAIL_DEFAULT_SENDER = PowerPulse <powerpulseapp5@gmail.com>
MAIL_CONFIGURED = True
DEV_OTP_FALLBACK = True
✅ DB connected: mysql+pymysql://root:@localhost:3306/powerpulse_backend
DB create_all completed
WARNING: Could not load ML artifacts: FileNotFoundError('Model file not found: energy_model.h5')
FORGOT REQUEST START
role = user
email = rajeshwarareddy85@gmail.com
org_name = None
account found = True
OTP stored in DB
Generated OTP = 551303
EMAIL DEBUG START
TO = rajeshwarareddy85@gmail.com
ROLE = user
MAIL_SERVER = smtp.gmail.com
MAIL_PORT = 587
MAIL_USERNAME = powerpulseapp5@gmail.com
MAIL_DEFAULT_SENDER = PowerPulse <powerpulseapp5@gmail.com>
EMAIL_CONFIGURED = True
EMAIL SEND FAILED
EMAIL ERROR = SMTPAuthenticationError(535, b'5.7.8 Username and Password not accepted. For more information, go to\n5.7.8  https://support.google.com/mail/?p=BadCredentials d9443c01a7336-2ae840c8171sm30169695ad.89 - gsmtp')
EMAIL DEBUG END
EMAIL FAILED, USING DEV FALLBACK
OTP = 551303
send_result = {'ok': True, 'error': "SMTPAuthenticationError(535, b'5.7.8 Username and Password not accepted. For more information, go to\\n5.7.8  https://support.google.com/mail/?p=BadCredentials d9443c01a7336-2ae840c8171sm30169695ad.89 - gsmtp')", 'fallback': True}
DEV fallback used
FORGOT REQUEST END
######## REAL BACKEND STARTED ########
__file__ = C:\Users\Rajesh\Desktop\app backend\Final_Year_Project-main\app.py
MAIL_USERNAME = powerpulseapp5@gmail.com
MAIL_DEFAULT_SENDER = PowerPulse <powerpulseapp5@gmail.com>
MAIL_CONFIGURED = True
DEV_OTP_FALLBACK = True
✅ DB connected: mysql+pymysql://root:@localhost:3306/powerpulse_backend
DB create_all completed
WARNING: Could not load ML artifacts: FileNotFoundError('Model file not found: energy_model.h5')
